<?xml version="1.0" encoding="UTF-8"?>
<!-- Generated by org.testng.reporters.JUnitReportReporter -->
<testsuite skipped="0" hostname="RamaKrishna-PC" name="MyMaven.MavenProject.FirstTest" tests="2" failures="0" timestamp="06 Sep 2019 11:03:05 GMT" time="0.000" errors="0">
  <testcase name="LogoutThirdTest" time="0.000" classname="MyMaven.MavenProject.FirstTest"/>
  <testcase name="LoginThirdTest" time="0.000" classname="MyMaven.MavenProject.FirstTest"/>
</testsuite> <!-- MyMaven.MavenProject.FirstTest -->
