<?xml version="1.0" encoding="UTF-8"?>
<!-- Generated by org.testng.reporters.JUnitReportReporter -->
<testsuite skipped="0" hostname="RamaKrishna-PC" name="MyMaven.MavenProject.SecondTest" tests="2" failures="0" timestamp="06 Sep 2019 11:03:05 GMT" time="0.011" errors="0">
  <testcase name="LoginFirstTest" time="0.010" classname="MyMaven.MavenProject.SecondTest"/>
  <testcase name="LogoutFirstTest" time="0.001" classname="MyMaven.MavenProject.SecondTest"/>
</testsuite> <!-- MyMaven.MavenProject.SecondTest -->
